Using pre-set license
Built from '2022.3/staging' branch; Version is '2022.3.37f1 (340ba89e4c23) revision 3410856'; Using compiler version '192829333'; Build Type 'Release'
OS: 'Windows 10  (10.0.19045) 64bit Professional' Language: 'uk' Physical Memory: 16288 MB
BatchMode: 1, IsHumanControllingUs: 0, StartBugReporterOnCrash: 0, Is64bit: 1, IsPro: 1

COMMAND LINE ARGUMENTS:
D:\Unity\Editors\2022.3.37f1\Editor\Unity.exe
-adb2
-batchMode
-noUpm
-name
AssetImportWorker0
-projectPath
D:/SoftTeam/Repozitories/MyProject_4_StarBreaker/StarBreaker
-logFile
Logs/AssetImportWorker0.log
-srvPort
50548
Successfully changed project path to: D:/SoftTeam/Repozitories/MyProject_4_StarBreaker/StarBreaker
D:/SoftTeam/Repozitories/MyProject_4_StarBreaker/StarBreaker
[UnityMemory] Configuration Parameters - Can be set up in boot.config
    "memorysetup-bucket-allocator-granularity=16"
    "memorysetup-bucket-allocator-bucket-count=8"
    "memorysetup-bucket-allocator-block-size=33554432"
    "memorysetup-bucket-allocator-block-count=8"
    "memorysetup-main-allocator-block-size=16777216"
    "memorysetup-thread-allocator-block-size=16777216"
    "memorysetup-gfx-main-allocator-block-size=16777216"
    "memorysetup-gfx-thread-allocator-block-size=16777216"
    "memorysetup-cache-allocator-block-size=4194304"
    "memorysetup-typetree-allocator-block-size=2097152"
    "memorysetup-profiler-bucket-allocator-granularity=16"
    "memorysetup-profiler-bucket-allocator-bucket-count=8"
    "memorysetup-profiler-bucket-allocator-block-size=33554432"
    "memorysetup-profiler-bucket-allocator-block-count=8"
    "memorysetup-profiler-allocator-block-size=16777216"
    "memorysetup-profiler-editor-allocator-block-size=1048576"
    "memorysetup-temp-allocator-size-main=16777216"
    "memorysetup-job-temp-allocator-block-size=2097152"
    "memorysetup-job-temp-allocator-block-size-background=1048576"
    "memorysetup-job-temp-allocator-reduction-small-platforms=262144"
    "memorysetup-allocator-temp-initial-block-size-main=262144"
    "memorysetup-allocator-temp-initial-block-size-worker=262144"
    "memorysetup-temp-allocator-size-background-worker=32768"
    "memorysetup-temp-allocator-size-job-worker=262144"
    "memorysetup-temp-allocator-size-preload-manager=33554432"
    "memorysetup-temp-allocator-size-nav-mesh-worker=65536"
    "memorysetup-temp-allocator-size-audio-worker=65536"
    "memorysetup-temp-allocator-size-cloud-worker=32768"
    "memorysetup-temp-allocator-size-gi-baking-worker=262144"
    "memorysetup-temp-allocator-size-gfx=262144"
Player connection [8112] Host "[IP] 192.168.1.105 [Port] 0 [Flags] 2 [Guid] 1009684341 [EditorId] 1009684341 [Version] 1048832 [Id] WindowsEditor(7,DESKTOP-M5RIVGM) [Debug] 1 [PackageName] WindowsEditor [ProjectName] Editor" joined multi-casting on [225.0.0.222:54997]...

Player connection [8112] Host "[IP] 192.168.1.105 [Port] 0 [Flags] 2 [Guid] 1009684341 [EditorId] 1009684341 [Version] 1048832 [Id] WindowsEditor(7,DESKTOP-M5RIVGM) [Debug] 1 [PackageName] WindowsEditor [ProjectName] Editor" joined alternative multi-casting on [225.0.0.222:34997]...

[PhysX] Initialized MultithreadedTaskDispatcher with 16 workers.
Refreshing native plugins compatible for Editor in 7.64 ms, found 4 plugins.
Preloading 0 native plugins for Editor in 0.00 ms.
Initialize engine version: 2022.3.37f1 (340ba89e4c23)
[Subsystems] Discovering subsystems at path D:/Unity/Editors/2022.3.37f1/Editor/Data/Resources/UnitySubsystems
[Subsystems] Discovering subsystems at path D:/SoftTeam/Repozitories/MyProject_4_StarBreaker/StarBreaker/Assets
GfxDevice: creating device client; threaded=0; jobified=0
Direct3D:
    Version:  Direct3D 11.0 [level 11.1]
    Renderer: NVIDIA GeForce RTX 3070 (ID=0x2488)
    Vendor:   NVIDIA
    VRAM:     8018 MB
    Driver:   32.0.15.6636
Initialize mono
Mono path[0] = 'D:/Unity/Editors/2022.3.37f1/Editor/Data/Managed'
Mono path[1] = 'D:/Unity/Editors/2022.3.37f1/Editor/Data/MonoBleedingEdge/lib/mono/unityjit-win32'
Mono config path = 'D:/Unity/Editors/2022.3.37f1/Editor/Data/MonoBleedingEdge/etc'
Using monoOptions --debugger-agent=transport=dt_socket,embedding=1,server=y,suspend=n,address=127.0.0.1:56604
Begin MonoManager ReloadAssembly
Registering precompiled unity dll's ...
Register platform support module: D:/Unity/Editors/2022.3.37f1/Editor/Data/PlaybackEngines/WebGLSupport/UnityEditor.WebGL.Extensions.dll
Register platform support module: D:/Unity/Editors/2022.3.37f1/Editor/Data/PlaybackEngines/MacStandaloneSupport/UnityEditor.OSXStandalone.Extensions.dll
Register platform support module: D:/Unity/Editors/2022.3.37f1/Editor/Data/PlaybackEngines/AndroidPlayer/UnityEditor.Android.Extensions.dll
Register platform support module: D:/Unity/Editors/2022.3.37f1/Editor/Data/PlaybackEngines/iOSSupport/UnityEditor.iOS.Extensions.dll
Register platform support module: D:/Unity/Editors/2022.3.37f1/Editor/Data/PlaybackEngines/VisionOSPlayer/UnityEditor.VisionOS.Extensions.dll
Register platform support module: D:/Unity/Editors/2022.3.37f1/Editor/Data/PlaybackEngines/AppleTVSupport/UnityEditor.AppleTV.Extensions.dll
Register platform support module: D:/Unity/Editors/2022.3.37f1/Editor/Data/PlaybackEngines/WindowsStandaloneSupport/UnityEditor.WindowsStandalone.Extensions.dll
Register platform support module: D:/Unity/Editors/2022.3.37f1/Editor/Data/PlaybackEngines/LinuxStandaloneSupport/UnityEditor.LinuxStandalone.Extensions.dll
Register platform support module: D:/Unity/Editors/2022.3.37f1/Editor/Data/PlaybackEngines/MetroSupport/UnityEditor.UWP.Extensions.dll
Registered in 0.010546 seconds.
- Loaded All Assemblies, in  0.271 seconds
Native extension for UWP target not found
Native extension for LinuxStandalone target not found
Native extension for WindowsStandalone target not found
[usbmuxd] Start listen thread
[usbmuxd] Listen thread started
Native extension for AppleTV target not found
Failed to load: D:/Unity/Editors/2022.3.37f1/Editor/Data/PlaybackEngines/VisionOSPlayer\x64\UnityEditor.VisionOS.Native.dll
Native extension for VisionOS target not found
[usbmuxd] Start listen thread
[usbmuxd] Listen thread started
Native extension for iOS target not found
Native extension for Android target not found
Android Extension - Scanning For ADB Devices 207 ms
Native extension for OSXStandalone target not found
Native extension for WebGL target not found
Mono: successfully reloaded assembly
- Finished resetting the current domain, in  0.504 seconds
Domain Reload Profiling: 775ms
	BeginReloadAssembly (77ms)
		ExecutionOrderSort (0ms)
		DisableScriptedObjects (0ms)
		BackupInstance (0ms)
		ReleaseScriptingObjects (0ms)
		CreateAndSetChildDomain (1ms)
	RebuildCommonClasses (24ms)
	RebuildNativeTypeToScriptingClass (8ms)
	initialDomainReloadingComplete (47ms)
	LoadAllAssembliesAndSetupDomain (115ms)
		LoadAssemblies (79ms)
		RebuildTransferFunctionScriptingTraits (0ms)
		AnalyzeDomain (111ms)
			TypeCache.Refresh (109ms)
				TypeCache.ScanAssembly (97ms)
			ScanForSourceGeneratedMonoScriptInfo (0ms)
			ResolveRequiredComponents (0ms)
	FinalizeReload (505ms)
		ReleaseScriptCaches (0ms)
		RebuildScriptCaches (0ms)
		SetupLoadedEditorAssemblies (457ms)
			LogAssemblyErrors (0ms)
			InitializePlatformSupportModulesInManaged (326ms)
			SetLoadedEditorAssemblies (3ms)
			RefreshPlugins (0ms)
			BeforeProcessingInitializeOnLoad (2ms)
			ProcessInitializeOnLoadAttributes (91ms)
			ProcessInitializeOnLoadMethodAttributes (35ms)
			AfterProcessingInitializeOnLoad (0ms)
			EditorAssembliesLoaded (0ms)
		ExecutionOrderSort2 (0ms)
		AwakeInstancesAfterBackupRestoration (0ms)
========================================================================
Worker process is ready to serve import requests
Begin MonoManager ReloadAssembly
- Loaded All Assemblies, in  0.594 seconds
Refreshing native plugins compatible for Editor in 2.72 ms, found 4 plugins.
Native extension for UWP target not found
Native extension for LinuxStandalone target not found
Native extension for WindowsStandalone target not found
Native extension for AppleTV target not found
Failed to load: D:/Unity/Editors/2022.3.37f1/Editor/Data/PlaybackEngines/VisionOSPlayer\x64\UnityEditor.VisionOS.Native.dll
Native extension for VisionOS target not found
Native extension for iOS target not found
Native extension for Android target not found
Native extension for OSXStandalone target not found
Native extension for WebGL target not found
Mono: successfully reloaded assembly
- Finished resetting the current domain, in  0.571 seconds
Domain Reload Profiling: 1165ms
	BeginReloadAssembly (130ms)
		ExecutionOrderSort (0ms)
		DisableScriptedObjects (5ms)
		BackupInstance (0ms)
		ReleaseScriptingObjects (0ms)
		CreateAndSetChildDomain (21ms)
	RebuildCommonClasses (28ms)
	RebuildNativeTypeToScriptingClass (11ms)
	initialDomainReloadingComplete (33ms)
	LoadAllAssembliesAndSetupDomain (392ms)
		LoadAssemblies (322ms)
		RebuildTransferFunctionScriptingTraits (0ms)
		AnalyzeDomain (149ms)
			TypeCache.Refresh (126ms)
				TypeCache.ScanAssembly (109ms)
			ScanForSourceGeneratedMonoScriptInfo (17ms)
			ResolveRequiredComponents (4ms)
	FinalizeReload (571ms)
		ReleaseScriptCaches (0ms)
		RebuildScriptCaches (0ms)
		SetupLoadedEditorAssemblies (424ms)
			LogAssemblyErrors (0ms)
			InitializePlatformSupportModulesInManaged (37ms)
			SetLoadedEditorAssemblies (4ms)
			RefreshPlugins (0ms)
			BeforeProcessingInitializeOnLoad (55ms)
			ProcessInitializeOnLoadAttributes (296ms)
			ProcessInitializeOnLoadMethodAttributes (29ms)
			AfterProcessingInitializeOnLoad (3ms)
			EditorAssembliesLoaded (0ms)
		ExecutionOrderSort2 (0ms)
		AwakeInstancesAfterBackupRestoration (5ms)
Launched and connected shader compiler UnityShaderCompiler.exe after 0.04 seconds
Refreshing native plugins compatible for Editor in 3.17 ms, found 4 plugins.
Preloading 0 native plugins for Editor in 0.00 ms.
Unloading 4097 Unused Serialized files (Serialized files now loaded: 0)
Unloading 68 unused Assets / (61.7 KB). Loaded Objects now: 4568.
Memory consumption went from 152.1 MB to 152.1 MB.
Total: 3.935600 ms (FindLiveObjects: 0.296800 ms CreateObjectMapping: 0.289900 ms MarkObjects: 3.116100 ms  DeleteObjects: 0.231600 ms)

AssetImportParameters requested are different than current active one (requested -> active):
  custom:scripting/monoscript/fileName/MobileInput.cs: dfa415439f330b7749adb2ef7567c3e4 -> 
  custom:scripting/monoscript/fileName/InputAxisScrollbar.cs: ce23cb16d4e46181bfcdc67e0abad940 -> 
  custom:container-demuxer-ogg: 62fdf1f143b41e24485cea50d1cbac27 -> 
  custom:scripting/monoscript/fileName/CrossPlatformInputManager.cs: a6a27da3c2613aab4b889711813fe29f -> 
  custom:scripting/monoscript/fileName/enemyGenerator.cs: e14ee902e7084e3be9101bc246643410 -> 
  custom:video-decoder-ogg-theora: a1e56fd34408186e4bbccfd4996cb3dc -> 
  custom:framework-win-MediaFoundation: 216162199b28c13a410421893ffa2e32 -> 
  custom:scripting/monoscript/fileName/UIManager_tetromino.cs: fa97ebd0cfd633610d5b610fabac22e7 -> 
  custom:scripting/monoscript/fileName/SoundManager_tetromino.cs: 3f286ae79110378a49852787d105fe54 -> 
  custom:scripting/monoscript/fileName/Bonus.cs: e6be9fefcae824608e973d1fa9a1c74d -> 
  custom:scripting/monoscript/fileName/TouchPad.cs: 71af049078ebd826d8919ba90a4412d3 -> 
  custom:scripting/monoscript/fileName/TiltInput.cs: 298cab2ca5ef1ae659d7256d2dbeb1ed -> 
  custom:scripting/monoscript/fileName/ScrollingScript.cs: b2c6dcd1fb091f612eba7a33ce933832 -> 
  custom:scripting/monoscript/fileName/PlayerController.cs: d93a52a180fbbe603a59e9aa6da73c83 -> 
  custom:scripting/monoscript/fileName/CameraController_tetromino.cs: 0dc7653e68849ab12252895fd42d322e -> 
  custom:CustomObjectIndexerAttribute: 9a22284fe3817be447336de3de66b15e -> 
  custom:scripting/monoscript/fileName/Projectile.cs: 5516e8a450d0b07e85069518e074fad4 -> 
  custom:container-demuxer-webm: 4f35f7cbe854078d1ac9338744f61a02 -> 
  custom:scripting/monoscript/fileName/playerController.cs: 8a36541facae464d3638fd14fa5b7208 -> 
  custom:scripting/monoscript/fileName/StandaloneInput.cs: 8cfda68f78df3b7dc3040fdb29fc2cd1 -> 
  custom:scripting/monoscript/fileName/FollowThePath.cs: 038332ce4eddfae8328eb61944307f61 -> 
  custom:scripting/monoscript/fileName/PlayerShooting.cs: 4004889e48d5858309efdfdb70079414 -> 
  custom:scripting/monoscript/fileName/LevelController.cs: 4da1b53453c7597809f36ada62b1cc64 -> 
  custom:scripting/monoscript/fileName/PoolingController.cs: 47af2aba926403c772261ec854f7f423 -> 
  custom:container-muxer-webm: aa71ff27fc2769a1b78a27578f13a17b -> 
  custom:video-decoder-webm-vp8: 9c59270c3fd7afecdb556c50c9e8de78 -> 
  custom:scripting/monoscript/fileName/CoinManager.cs: 37a200f58a6b15e6ed4801cb70997470 -> 
  custom:SearchIndexIgnoredProperties: e643bd26f0fe6173181afceb89e7c659 -> 
  custom:scripting/monoscript/fileName/Boundary.cs: 9e926646fde2ca16785b3d4961011444 -> 
  custom:AudioImporter_EditorPlatform: d09bf68614088b80899f8185d706f6e7 -> 
  custom:scripting/monoscript/fileName/MobileControlRig.cs: 3524fff44c8126dee0548f9b6ab19d53 -> 
  custom:scripting/monoscript/fileName/GroundManager.cs: f65360c6293bbe3747ac078d9e3a2f20 -> 
  custom:scripting/monoscript/fileName/VirtualInput.cs: e290279061a851c625fb61c863776a94 -> 
  custom:scripting/monoscript/fileName/alienController.cs: f97113444d2855219f93800f05fcdb98 -> 
  custom:scripting/monoscript/fileName/ScoreManager_tetromino.cs: 14cac34b11c82ae3a07db649b95284c6 -> 
  custom:scripting/monoscript/fileName/RendererExtensions.cs: 24806fdaa4c467a38b447aee62d80bdd -> 
  custom:scripting/monoscript/fileName/GUI.cs: 6b50b8f0eaf913e074d7aaf15c266ab8 -> 
  custom:scripting/monoscript/fileName/Enemy.cs: 13cc614454c9ae28caa24456faa3d7cf -> 
  custom:scripting/monoscript/fileName/DirectMoving.cs: cce23f76a0c5a05344dcf5e2586d87a1 -> 
  custom:scripting/monoscript/fileName/ButtonHandler.cs: e27d3f4c7505c394dad450c78dd6faf1 -> 
  custom:video-encoder-webm-vp8: eb34c28f22e8b96e1ab97ce403110664 -> 
  custom:scripting/monoscript/fileName/VisualEffect.cs: 90fe1decd993932ec2e14028b4cd3039 -> 
  custom:scripting/monoscript/fileName/ObstaclesManager_tetromino.cs: 57e1b2625ad08b1121c265656dee30cf -> 
  custom:audio-decoder-ogg-vorbis: bf7c407c2cedff20999df2af8eb42d56 -> 
  custom:scripting/monoscript/fileName/ObstacleController_tetromino.cs: db668eb01d64282c9bc4f63e3947a197 -> 
  custom:scripting/monoscript/fileName/AxisTouchButton.cs: 31be56f36d53422fd33aa4f9a14e630a -> 
  custom:scripting/monoscript/fileName/Bullet.cs: a4f5918e799041ba1f6608f13912eb8b -> 
  custom:scripting/monoscript/fileName/ItemController.cs: 30a74e7aea20bd7f72076952db787777 -> 
  custom:scripting/monoscript/fileName/PlayerMoving.cs: be9c1037d4378562590eee94d5dfa7cd -> 
  custom:scripting/monoscript/fileName/GroundController.cs: e3fdefd28418d9b59b316bd464f2790d -> 
  custom:scripting/monoscript/fileName/Joystick.cs: b54db918c885c01940a25acda1acd280 -> 
  custom:scripting/monoscript/fileName/Wave.cs: c325ea431d10e55aac57a739b06d5b6c -> 
  custom:scripting/monoscript/fileName/Player.cs: 007e2e63cbf915a2b71612a7f593548a -> 
  custom:scripting/monoscript/fileName/RepeatingBackground.cs: bcccde25c58b11da7ddb95f89195a332 -> 
  custom:audio-encoder-webm-vorbis: bf7c407c2cedff20999df2af8eb42d56 -> 
========================================================================
Received Import Request.
  Time since last request: 414343.323793 seconds.
  path: Assets/GUI/bg.png
  artifactKey: Guid(b58c7e396b185614687076af9b3826c4) Importer(815301076,1909f56bfc062723c751e8b465ee728b)
Start importing Assets/GUI/bg.png using Guid(b58c7e396b185614687076af9b3826c4) Importer(815301076,1909f56bfc062723c751e8b465ee728b) [PhysX] Initialized MultithreadedTaskDispatcher with 16 workers.
[PhysX] Initialized MultithreadedTaskDispatcher with 16 workers.
 -> (artifact id: '0340cdaa285495ba65e0633cbf038ca2') in 0.075711 seconds
Number of updated asset objects reloaded before import = 0
Number of asset objects unloaded after import = 3
========================================================================
Received Import Request.
  Time since last request: 0.000026 seconds.
  path: Assets/GUI/lvl_frame.png
  artifactKey: Guid(28f76110fe63a634fbb6bc235941ccdf) Importer(815301076,1909f56bfc062723c751e8b465ee728b)
Start importing Assets/GUI/lvl_frame.png using Guid(28f76110fe63a634fbb6bc235941ccdf) Importer(815301076,1909f56bfc062723c751e8b465ee728b) [PhysX] Initialized MultithreadedTaskDispatcher with 16 workers.
[PhysX] Initialized MultithreadedTaskDispatcher with 16 workers.
 -> (artifact id: '2e53edb5edd811644bcb566e72ce5bd9') in 0.019738 seconds
Number of updated asset objects reloaded before import = 0
Number of asset objects unloaded after import = 3
========================================================================
Received Import Request.
  Time since last request: 0.000016 seconds.
  path: Assets/GUI/coin.png
  artifactKey: Guid(38b0d2da5afb5024380a677f4e18ea37) Importer(815301076,1909f56bfc062723c751e8b465ee728b)
Start importing Assets/GUI/coin.png using Guid(38b0d2da5afb5024380a677f4e18ea37) Importer(815301076,1909f56bfc062723c751e8b465ee728b) [PhysX] Initialized MultithreadedTaskDispatcher with 16 workers.
[PhysX] Initialized MultithreadedTaskDispatcher with 16 workers.
 -> (artifact id: '9c1e0be5ce7c82d8a34268bc73bdfc7d') in 0.012791 seconds
Number of updated asset objects reloaded before import = 0
Number of asset objects unloaded after import = 3
========================================================================
Received Import Request.
  Time since last request: 0.000020 seconds.
  path: Assets/GUI/fram_cont.png
  artifactKey: Guid(086324d02cd23534c88222e058b0d52a) Importer(815301076,1909f56bfc062723c751e8b465ee728b)
Start importing Assets/GUI/fram_cont.png using Guid(086324d02cd23534c88222e058b0d52a) Importer(815301076,1909f56bfc062723c751e8b465ee728b) [PhysX] Initialized MultithreadedTaskDispatcher with 16 workers.
[PhysX] Initialized MultithreadedTaskDispatcher with 16 workers.
 -> (artifact id: '0f2b10267e618d0d7ae3c3b94ad244c2') in 0.012413 seconds
Number of updated asset objects reloaded before import = 0
Number of asset objects unloaded after import = 3
========================================================================
Received Import Request.
  Time since last request: 0.585794 seconds.
  path: Assets/GUI/daily/daily_main.png
  artifactKey: Guid(2ed8dfd71914e0b41b7018bc9f540b2f) Importer(815301076,1909f56bfc062723c751e8b465ee728b)
Start importing Assets/GUI/daily/daily_main.png using Guid(2ed8dfd71914e0b41b7018bc9f540b2f) Importer(815301076,1909f56bfc062723c751e8b465ee728b) [PhysX] Initialized MultithreadedTaskDispatcher with 16 workers.
[PhysX] Initialized MultithreadedTaskDispatcher with 16 workers.
 -> (artifact id: '515bd0f0266aee62dd87ad25c2bf27d4') in 0.014134 seconds
Number of updated asset objects reloaded before import = 0
Number of asset objects unloaded after import = 3
========================================================================
Received Import Request.
  Time since last request: 3.973287 seconds.
  path: Assets/GUI/games/pause.png
  artifactKey: Guid(a723951e7e557dc448ec9b060945fdbe) Importer(815301076,1909f56bfc062723c751e8b465ee728b)
Start importing Assets/GUI/games/pause.png using Guid(a723951e7e557dc448ec9b060945fdbe) Importer(815301076,1909f56bfc062723c751e8b465ee728b) [PhysX] Initialized MultithreadedTaskDispatcher with 16 workers.
[PhysX] Initialized MultithreadedTaskDispatcher with 16 workers.
 -> (artifact id: '4c05ca5a741a2de56cb6638323b6c80f') in 0.039762 seconds
Number of updated asset objects reloaded before import = 0
Number of asset objects unloaded after import = 3
========================================================================
Received Import Request.
  Time since last request: 1.690890 seconds.
  path: Assets/GUI/aliens/2_lvl.png
  artifactKey: Guid(8414ec6d5da9eb3448da3d8f50641ccd) Importer(815301076,1909f56bfc062723c751e8b465ee728b)
Start importing Assets/GUI/aliens/2_lvl.png using Guid(8414ec6d5da9eb3448da3d8f50641ccd) Importer(815301076,1909f56bfc062723c751e8b465ee728b) [PhysX] Initialized MultithreadedTaskDispatcher with 16 workers.
[PhysX] Initialized MultithreadedTaskDispatcher with 16 workers.
 -> (artifact id: '90c0b82b4a45f840f193714a66edc7f9') in 0.027974 seconds
Number of updated asset objects reloaded before import = 0
Number of asset objects unloaded after import = 3
========================================================================
Received Import Request.
  Time since last request: 0.000013 seconds.
  path: Assets/GUI/aliens/10_lvl.png
  artifactKey: Guid(86be4d112bdc760488fa9b7ee0c6772b) Importer(815301076,1909f56bfc062723c751e8b465ee728b)
Start importing Assets/GUI/aliens/10_lvl.png using Guid(86be4d112bdc760488fa9b7ee0c6772b) Importer(815301076,1909f56bfc062723c751e8b465ee728b) [PhysX] Initialized MultithreadedTaskDispatcher with 16 workers.
[PhysX] Initialized MultithreadedTaskDispatcher with 16 workers.
 -> (artifact id: 'd6dab123c7198edd3176668d4950624c') in 0.094255 seconds
Number of updated asset objects reloaded before import = 0
Number of asset objects unloaded after import = 3
========================================================================
Received Import Request.
  Time since last request: 2.223895 seconds.
  path: Assets/GUI/icons/n_game_1.png
  artifactKey: Guid(cc2e3aacae0d050459cb39871074ba9d) Importer(815301076,1909f56bfc062723c751e8b465ee728b)
Start importing Assets/GUI/icons/n_game_1.png using Guid(cc2e3aacae0d050459cb39871074ba9d) Importer(815301076,1909f56bfc062723c751e8b465ee728b) [PhysX] Initialized MultithreadedTaskDispatcher with 16 workers.
[PhysX] Initialized MultithreadedTaskDispatcher with 16 workers.
 -> (artifact id: '3133b3c4290991bfebdc9321e01f110a') in 0.085642 seconds
Number of updated asset objects reloaded before import = 0
Number of asset objects unloaded after import = 3
========================================================================
Received Import Request.
  Time since last request: 3.315610 seconds.
  path: Assets/GUI/set/bg_set.png
  artifactKey: Guid(f3c4dd55a37e90f41a693f8528db4161) Importer(815301076,1909f56bfc062723c751e8b465ee728b)
Start importing Assets/GUI/set/bg_set.png using Guid(f3c4dd55a37e90f41a693f8528db4161) Importer(815301076,1909f56bfc062723c751e8b465ee728b) [PhysX] Initialized MultithreadedTaskDispatcher with 16 workers.
[PhysX] Initialized MultithreadedTaskDispatcher with 16 workers.
 -> (artifact id: '43d16a9aaf0c47d1154bff808883b7d7') in 0.074596 seconds
Number of updated asset objects reloaded before import = 0
Number of asset objects unloaded after import = 3
========================================================================
Received Import Request.
  Time since last request: 3.368768 seconds.
  path: Assets/GUI/tut/t_2.png
  artifactKey: Guid(a4e49fbbfba846d40b072b6a32af21e5) Importer(815301076,1909f56bfc062723c751e8b465ee728b)
Start importing Assets/GUI/tut/t_2.png using Guid(a4e49fbbfba846d40b072b6a32af21e5) Importer(815301076,1909f56bfc062723c751e8b465ee728b) [PhysX] Initialized MultithreadedTaskDispatcher with 16 workers.
[PhysX] Initialized MultithreadedTaskDispatcher with 16 workers.
 -> (artifact id: '3774b485d36ae7374f59f655bb755456') in 0.053261 seconds
Number of updated asset objects reloaded before import = 0
Number of asset objects unloaded after import = 3
Editor requested this worker to shutdown with reason: Scaling down because of idle timeout
TcpMessagingSession - receive error: operation aborted. errorcode: 995, details: The I/O operation has been aborted because of either a thread exit or an application request.
AssetImportWorker is now disconnected from the server
Process exiting
Exiting without the bug reporter. Application will terminate with return code 0